<?xml version="1.0" encoding="UTF-8"?>
<testsuite name="com.Bytepad.server.ServerApplicationTests" tests="1" skipped="0" failures="0" errors="0" timestamp="2021-07-21T07:40:52" hostname="LAPTOP-9S0A6RDP" time="0.149">
  <properties/>
  <testcase name="contextLoads()" classname="com.Bytepad.server.ServerApplicationTests" time="0.149"/>
  <system-out><![CDATA[13:10:39.163 [Test worker] DEBUG org.springframework.test.context.BootstrapUtils - Instantiating CacheAwareContextLoaderDelegate from class [org.springframework.test.context.cache.DefaultCacheAwareContextLoaderDelegate]
13:10:39.189 [Test worker] DEBUG org.springframework.test.context.BootstrapUtils - Instantiating BootstrapContext using constructor [public org.springframework.test.context.support.DefaultBootstrapContext(java.lang.Class,org.springframework.test.context.CacheAwareContextLoaderDelegate)]
13:10:39.230 [Test worker] DEBUG org.springframework.test.context.BootstrapUtils - Instantiating TestContextBootstrapper for test class [com.Bytepad.server.ServerApplicationTests] from class [org.springframework.boot.test.context.SpringBootTestContextBootstrapper]
13:10:39.244 [Test worker] INFO org.springframework.boot.test.context.SpringBootTestContextBootstrapper - Neither @ContextConfiguration nor @ContextHierarchy found for test class [com.Bytepad.server.ServerApplicationTests], using SpringBootContextLoader
13:10:39.251 [Test worker] DEBUG org.springframework.test.context.support.AbstractContextLoader - Did not detect default resource location for test class [com.Bytepad.server.ServerApplicationTests]: class path resource [com/Bytepad/server/ServerApplicationTests-context.xml] does not exist
13:10:39.251 [Test worker] DEBUG org.springframework.test.context.support.AbstractContextLoader - Did not detect default resource location for test class [com.Bytepad.server.ServerApplicationTests]: class path resource [com/Bytepad/server/ServerApplicationTestsContext.groovy] does not exist
13:10:39.252 [Test worker] INFO org.springframework.test.context.support.AbstractContextLoader - Could not detect default resource locations for test class [com.Bytepad.server.ServerApplicationTests]: no resource found for suffixes {-context.xml, Context.groovy}.
13:10:39.253 [Test worker] INFO org.springframework.test.context.support.AnnotationConfigContextLoaderUtils - Could not detect default configuration classes for test class [com.Bytepad.server.ServerApplicationTests]: ServerApplicationTests does not declare any static, non-private, non-final, nested classes annotated with @Configuration.
13:10:39.309 [Test worker] DEBUG org.springframework.test.context.support.ActiveProfilesUtils - Could not find an 'annotation declaring class' for annotation type [org.springframework.test.context.ActiveProfiles] and class [com.Bytepad.server.ServerApplicationTests]
13:10:39.393 [Test worker] DEBUG org.springframework.context.annotation.ClassPathScanningCandidateComponentProvider - Identified candidate component class: file [S:\dev\web_dev\Bytepad-2021\server\build\classes\java\main\com\Bytepad\server\ServerApplication.class]
13:10:39.398 [Test worker] INFO org.springframework.boot.test.context.SpringBootTestContextBootstrapper - Found @SpringBootConfiguration com.Bytepad.server.ServerApplication for test class com.Bytepad.server.ServerApplicationTests
13:10:39.534 [Test worker] DEBUG org.springframework.boot.test.context.SpringBootTestContextBootstrapper - @TestExecutionListeners is not present for class [com.Bytepad.server.ServerApplicationTests]: using defaults.
13:10:39.535 [Test worker] INFO org.springframework.boot.test.context.SpringBootTestContextBootstrapper - Loaded default TestExecutionListener class names from location [META-INF/spring.factories]: [org.springframework.security.test.context.support.WithSecurityContextTestExecutionListener, org.springframework.security.test.context.support.ReactorContextTestExecutionListener, org.springframework.boot.test.autoconfigure.restdocs.RestDocsTestExecutionListener, org.springframework.boot.test.autoconfigure.web.client.MockRestServiceServerResetTestExecutionListener, org.springframework.boot.test.autoconfigure.web.servlet.MockMvcPrintOnlyOnFailureTestExecutionListener, org.springframework.boot.test.autoconfigure.web.servlet.WebDriverTestExecutionListener, org.springframework.boot.test.autoconfigure.webservices.client.MockWebServiceServerTestExecutionListener, org.springframework.boot.test.mock.mockito.MockitoTestExecutionListener, org.springframework.boot.test.mock.mockito.ResetMocksTestExecutionListener, org.springframework.test.context.web.ServletTestExecutionListener, org.springframework.test.context.support.DirtiesContextBeforeModesTestExecutionListener, org.springframework.test.context.event.ApplicationEventsTestExecutionListener, org.springframework.test.context.support.DependencyInjectionTestExecutionListener, org.springframework.test.context.support.DirtiesContextTestExecutionListener, org.springframework.test.context.transaction.TransactionalTestExecutionListener, org.springframework.test.context.jdbc.SqlScriptsTestExecutionListener, org.springframework.test.context.event.EventPublishingTestExecutionListener]
13:10:39.560 [Test worker] INFO org.springframework.boot.test.context.SpringBootTestContextBootstrapper - Using TestExecutionListeners: [org.springframework.test.context.web.ServletTestExecutionListener@68848f25, org.springframework.test.context.support.DirtiesContextBeforeModesTestExecutionListener@7e1844af, org.springframework.test.context.event.ApplicationEventsTestExecutionListener@25abb14, org.springframework.boot.test.mock.mockito.MockitoTestExecutionListener@418bd4ae, org.springframework.boot.test.autoconfigure.SpringBootDependencyInjectionTestExecutionListener@d3a861d, org.springframework.test.context.support.DirtiesContextTestExecutionListener@313b8629, org.springframework.test.context.transaction.TransactionalTestExecutionListener@666e1901, org.springframework.test.context.jdbc.SqlScriptsTestExecutionListener@795f8fc6, org.springframework.security.test.context.support.WithSecurityContextTestExecutionListener@208cf49e, org.springframework.test.context.event.EventPublishingTestExecutionListener@4d6b3468, org.springframework.security.test.context.support.ReactorContextTestExecutionListener@5b5b9ad5, org.springframework.boot.test.autoconfigure.restdocs.RestDocsTestExecutionListener@5e7f0fc7, org.springframework.boot.test.autoconfigure.web.client.MockRestServiceServerResetTestExecutionListener@19102892, org.springframework.boot.test.autoconfigure.web.servlet.MockMvcPrintOnlyOnFailureTestExecutionListener@d4c97ac, org.springframework.boot.test.autoconfigure.web.servlet.WebDriverTestExecutionListener@a4639e2, org.springframework.boot.test.autoconfigure.webservices.client.MockWebServiceServerTestExecutionListener@2ce10e5a, org.springframework.boot.test.mock.mockito.ResetMocksTestExecutionListener@342df7ec]
13:10:39.563 [Test worker] DEBUG org.springframework.test.context.support.AbstractDirtiesContextTestExecutionListener - Before test class: context [DefaultTestContext@4121afb9 testClass = ServerApplicationTests, testInstance = [null], testMethod = [null], testException = [null], mergedContextConfiguration = [WebMergedContextConfiguration@3bba1dfe testClass = ServerApplicationTests, locations = '{}', classes = '{class com.Bytepad.server.ServerApplication}', contextInitializerClasses = '[]', activeProfiles = '{}', propertySourceLocations = '{}', propertySourceProperties = '{org.springframework.boot.test.context.SpringBootTestContextBootstrapper=true}', contextCustomizers = set[org.springframework.boot.test.autoconfigure.actuate.metrics.MetricsExportContextCustomizerFactory$DisableMetricExportContextCustomizer@3c122d3c, org.springframework.boot.test.autoconfigure.properties.PropertyMappingContextCustomizer@0, org.springframework.boot.test.autoconfigure.web.servlet.WebDriverContextCustomizerFactory$Customizer@52a4bf01, org.springframework.boot.test.context.filter.ExcludeFilterContextCustomizer@2461783f, org.springframework.boot.test.json.DuplicateJsonObjectContextCustomizerFactory$DuplicateJsonObjectContextCustomizer@4129319a, org.springframework.boot.test.mock.mockito.MockitoContextCustomizer@0, org.springframework.boot.test.web.client.TestRestTemplateContextCustomizer@23467167, org.springframework.boot.test.context.SpringBootTestArgs@1, org.springframework.boot.test.context.SpringBootTestWebEnvironment@401d804a], resourceBasePath = 'src/main/webapp', contextLoader = 'org.springframework.boot.test.context.SpringBootContextLoader', parent = [null]], attributes = map['org.springframework.test.context.web.ServletTestExecutionListener.activateListener' -> true]], class annotated with @DirtiesContext [false] with mode [null].
13:10:39.627 [Test worker] DEBUG org.springframework.test.context.support.TestPropertySourceUtils - Adding inlined properties to environment: {spring.jmx.enabled=false, org.springframework.boot.test.context.SpringBootTestContextBootstrapper=true}

  .   ____          _            __ _ _
 /\\ / ___'_ __ _ _(_)_ __  __ _ \ \ \ \
( ( )\___ | '_ | '_| | '_ \/ _` | \ \ \ \
 \\/  ___)| |_)| | | | | || (_| |  ) ) ) )
  '  |____| .__|_| |_|_| |_\__, | / / / /
 =========|_|==============|___/=/_/_/_/
 :: Spring Boot ::                (v2.4.5)

2021-07-21 13:10:40.013  INFO 25492 --- [    Test worker] c.Bytepad.server.ServerApplicationTests  : Starting ServerApplicationTests using Java 11.0.11 on LAPTOP-9S0A6RDP with PID 25492 (started by sg241 in S:\dev\web_dev\Bytepad-2021\server)
2021-07-21 13:10:40.019  INFO 25492 --- [    Test worker] c.Bytepad.server.ServerApplicationTests  : No active profile set, falling back to default profiles: default
2021-07-21 13:10:41.530  INFO 25492 --- [    Test worker] .s.d.r.c.RepositoryConfigurationDelegate : Bootstrapping Spring Data JPA repositories in DEFAULT mode.
2021-07-21 13:10:41.633  INFO 25492 --- [    Test worker] .s.d.r.c.RepositoryConfigurationDelegate : Finished Spring Data repository scanning in 93 ms. Found 8 JPA repository interfaces.
2021-07-21 13:10:42.873  INFO 25492 --- [    Test worker] o.hibernate.jpa.internal.util.LogHelper  : HHH000204: Processing PersistenceUnitInfo [name: default]
2021-07-21 13:10:42.942  INFO 25492 --- [    Test worker] org.hibernate.Version                    : HHH000412: Hibernate ORM core version 5.4.30.Final
2021-07-21 13:10:43.140  INFO 25492 --- [    Test worker] o.hibernate.annotations.common.Version   : HCANN000001: Hibernate Commons Annotations {5.1.2.Final}
2021-07-21 13:10:43.281  INFO 25492 --- [    Test worker] com.zaxxer.hikari.HikariDataSource       : HikariPool-1 - Starting...
2021-07-21 13:10:43.660  WARN 25492 --- [    Test worker] c.m.s.jdbc.internals.TDS.Channel         : TLSv1 was negotiated. Please update server and client to use TLSv1.2 at minimum.
2021-07-21 13:10:43.891  INFO 25492 --- [    Test worker] com.zaxxer.hikari.HikariDataSource       : HikariPool-1 - Start completed.
2021-07-21 13:10:43.928  INFO 25492 --- [    Test worker] org.hibernate.dialect.Dialect            : HHH000400: Using dialect: org.hibernate.dialect.SQLServer2012Dialect
2021-07-21 13:10:44.088  WARN 25492 --- [onnection adder] c.m.s.jdbc.internals.TDS.Channel         : TLSv1 was negotiated. Please update server and client to use TLSv1.2 at minimum.
2021-07-21 13:10:44.200  WARN 25492 --- [onnection adder] c.m.s.jdbc.internals.TDS.Channel         : TLSv1 was negotiated. Please update server and client to use TLSv1.2 at minimum.
2021-07-21 13:10:44.302  WARN 25492 --- [onnection adder] c.m.s.jdbc.internals.TDS.Channel         : TLSv1 was negotiated. Please update server and client to use TLSv1.2 at minimum.
2021-07-21 13:10:44.405  WARN 25492 --- [onnection adder] c.m.s.jdbc.internals.TDS.Channel         : TLSv1 was negotiated. Please update server and client to use TLSv1.2 at minimum.
2021-07-21 13:10:44.504  WARN 25492 --- [onnection adder] c.m.s.jdbc.internals.TDS.Channel         : TLSv1 was negotiated. Please update server and client to use TLSv1.2 at minimum.
2021-07-21 13:10:44.631  WARN 25492 --- [onnection adder] c.m.s.jdbc.internals.TDS.Channel         : TLSv1 was negotiated. Please update server and client to use TLSv1.2 at minimum.
2021-07-21 13:10:44.733  WARN 25492 --- [onnection adder] c.m.s.jdbc.internals.TDS.Channel         : TLSv1 was negotiated. Please update server and client to use TLSv1.2 at minimum.
2021-07-21 13:10:44.829  WARN 25492 --- [onnection adder] c.m.s.jdbc.internals.TDS.Channel         : TLSv1 was negotiated. Please update server and client to use TLSv1.2 at minimum.
2021-07-21 13:10:44.941  WARN 25492 --- [onnection adder] c.m.s.jdbc.internals.TDS.Channel         : TLSv1 was negotiated. Please update server and client to use TLSv1.2 at minimum.
2021-07-21 13:10:46.222  INFO 25492 --- [    Test worker] o.h.e.t.j.p.i.JtaPlatformInitiator       : HHH000490: Using JtaPlatform implementation: [org.hibernate.engine.transaction.jta.platform.internal.NoJtaPlatform]
2021-07-21 13:10:46.254  INFO 25492 --- [    Test worker] j.LocalContainerEntityManagerFactoryBean : Initialized JPA EntityManagerFactory for persistence unit 'default'
2021-07-21 13:10:48.139  WARN 25492 --- [    Test worker] JpaBaseConfiguration$JpaWebConfiguration : spring.jpa.open-in-view is enabled by default. Therefore, database queries may be performed during view rendering. Explicitly configure spring.jpa.open-in-view to disable this warning
2021-07-21 13:10:50.765  INFO 25492 --- [    Test worker] o.s.b.a.w.s.WelcomePageHandlerMapping    : Adding welcome page: class path resource [static/index.html]
2021-07-21 13:10:51.119  INFO 25492 --- [    Test worker] o.s.s.web.DefaultSecurityFilterChain     : Will secure any request with [org.springframework.security.web.context.request.async.WebAsyncManagerIntegrationFilter@cda6edc, org.springframework.security.web.context.SecurityContextPersistenceFilter@70778fae, org.springframework.security.web.header.HeaderWriterFilter@2e43f5f7, org.springframework.web.filter.CorsFilter@402f6523, org.springframework.security.web.authentication.logout.LogoutFilter@5cf3b47d, com.Bytepad.server.configuration.JWTRequestFilter@5d002575, org.springframework.security.web.savedrequest.RequestCacheAwareFilter@4ed2eb32, org.springframework.security.web.servletapi.SecurityContextHolderAwareRequestFilter@4cfa0c1d, org.springframework.security.web.authentication.AnonymousAuthenticationFilter@5af564dd, org.springframework.security.web.session.SessionManagementFilter@546096c7, org.springframework.security.web.access.ExceptionTranslationFilter@532c4eda, org.springframework.security.web.access.intercept.FilterSecurityInterceptor@1b006c6e]
2021-07-21 13:10:51.516  INFO 25492 --- [    Test worker] o.s.s.concurrent.ThreadPoolTaskExecutor  : Initializing ExecutorService 'applicationTaskExecutor'
2021-07-21 13:10:52.370  INFO 25492 --- [    Test worker] c.Bytepad.server.ServerApplicationTests  : Started ServerApplicationTests in 12.73 seconds (JVM running for 15.454)
]]></system-out>
  <system-err><![CDATA[]]></system-err>
</testsuite>
